  Building Custom Rule C:/Users/lempe/Documents/School/Polytechnique/INF443/inf443-vcl-main/scenes/inf443/Planetes/CMakeLists.txt
  basic_types.cpp
  error.cpp
  rand.cpp
  string.cpp
  test_buffer.cpp
  test_buffer_stack.cpp
  test_grid.cpp
  test_grid_stack_2D.cpp
  offset_grid.cpp
  curve_drawable.cpp
  hierarchy_mesh_drawable.cpp
  hierarchy_mesh_drawable_node.cpp
  mesh_drawable.cpp
  mesh_normal_drawable.cpp
  mesh_wireframe_drawable.cpp
  segments_drawable.cpp
  shading_parameters.cpp
  trajectory_drawable.cpp
  image.cpp
  debug.cpp
  opengl_helper.cpp
  shaders.cpp
  texture.cpp
  uniform.cpp
  window.cpp
  files.cpp
  camera_around_center.cpp
  camera_base.cpp
  camera_head.cpp
  camera_spherical_coordinates.cpp
  common_functions.cpp
  glfw_interaction.cpp
  gui.cpp
C:\Users\lempe\Documents\School\Polytechnique\INF443\inf443-vcl-main\library\vcl\display\window\window.cpp(36): warning C4702: unreachable code
  timer_basic.cpp
  timer_event_periodic.cpp
  timer_fps.cpp
  timer_interval.cpp
  velocity_tracker.cpp
  affine_rt.cpp
  affine_rts.cpp
  frame.cpp
  interpolation.cpp
  mat4.cpp
  test_matrix_stack.cpp
  projection.cpp
  quaternion.cpp
  rotation.cpp
  test_rotation.cpp
  test_vec_mat.cpp
  vec_mat.cpp
  shaders_preset.cpp
  curve.cpp
  intersection.cpp
  obj.cpp
C:\Users\lempe\Documents\School\Polytechnique\INF443\inf443-vcl-main\library\vcl\shaders_preset\shaders_preset.cpp(28): warning C4702: unreachable code
  mesh_primitive.cpp
  mesh.cpp
  noise.cpp
  glad.cpp
  imgui.cpp
  imgui_demo.cpp
  imgui_draw.cpp
  imgui_impl_glfw.cpp
  imgui_impl_opengl3.cpp
  imgui_widgets.cpp
  lodepng.cpp
  simplexnoise1234.cpp
  main.cpp
  special_types.cpp
  special_types.cpp
LINK : warning LNK4098: defaultlib 'MSVCRT' conflicts with use of other libs; use /NODEFAULTLIB:library
  Planetes.vcxproj -> C:\Users\lempe\Documents\School\Polytechnique\INF443\inf443-vcl-main\scenes\inf443\Planetes\build\Debug\Planetes.exe
